# JRE version: OpenJDK Runtime Environment (8.0_212-b03) (build 1.8.0_212-8u212-b03-0ubuntu1.18.04.1-b03)
# Java VM: OpenJDK 64-Bit Server VM (25.212-b03 mixed mode linux-amd64 compressed oops)
Heap:
 PSYoungGen      total 127488K, used 1632K [0x00000000eb700000, 0x00000000f3d00000, 0x0000000100000000)
  eden space 117760K, 0% used [0x00000000eb700000,0x00000000eb700000,0x00000000f2a00000)
  from space 9728K, 16% used [0x00000000f3380000,0x00000000f3518000,0x00000000f3d00000)
  to   space 9728K, 0% used [0x00000000f2a00000,0x00000000f2a00000,0x00000000f3380000)
 ParOldGen       total 38912K, used 11328K [0x00000000c2400000, 0x00000000c4a00000, 0x00000000eb700000)
  object space 38912K, 29% used [0x00000000c2400000,0x00000000c2f10258,0x00000000c4a00000)
 Metaspace       used 22210K, capacity 22778K, committed 22960K, reserved 1069056K
  class space    used 2463K, capacity 2643K, committed 2736K, reserved 1048576K
GC Heap History (10 events):
Event: 2.681 GC heap after
Heap after GC invocations=6 (full 0):
 PSYoungGen      total 70144K, used 5393K [0x00000000eb700000, 0x00000000f0200000, 0x0000000100000000)
  eden space 63488K, 0% used [0x00000000eb700000,0x00000000eb700000,0x00000000ef500000)
  from space 6656K, 81% used [0x00000000efb80000,0x00000000f00c47a8,0x00000000f0200000)
  to   space 6656K, 0% used [0x00000000ef500000,0x00000000ef500000,0x00000000efb80000)
 ParOldGen       total 42496K, used 7890K [0x00000000c2400000, 0x00000000c4d80000, 0x00000000eb700000)
  object space 42496K, 18% used [0x00000000c2400000,0x00000000c2bb4810,0x00000000c4d80000)
 Metaspace       used 15323K, capacity 15640K, committed 15744K, reserved 1062912K
  class space    used 1820K, capacity 1913K, committed 1920K, reserved 1048576K
}
Event: 4.346 GC heap before
{Heap before GC invocations=7 (full 0):
 PSYoungGen      total 70144K, used 59844K [0x00000000eb700000, 0x00000000f0200000, 0x0000000100000000)
  eden space 63488K, 85% used [0x00000000eb700000,0x00000000eec2c9f0,0x00000000ef500000)
  from space 6656K, 81% used [0x00000000efb80000,0x00000000f00c47a8,0x00000000f0200000)
  to   space 6656K, 0% used [0x00000000ef500000,0x00000000ef500000,0x00000000efb80000)
 ParOldGen       total 42496K, used 7890K [0x00000000c2400000, 0x00000000c4d80000, 0x00000000eb700000)
  object space 42496K, 18% used [0x00000000c2400000,0x00000000c2bb4810,0x00000000c4d80000)
 Metaspace       used 20630K, capacity 21200K, committed 21296K, reserved 1069056K
  class space    used 2360K, capacity 2572K, committed 2608K, reserved 1048576K
Event: 4.373 GC heap after
Heap after GC invocations=7 (full 0):
 PSYoungGen      total 70144K, used 6640K [0x00000000eb700000, 0x00000000f4500000, 0x0000000100000000)
  eden space 63488K, 0% used [0x00000000eb700000,0x00000000eb700000,0x00000000ef500000)
  from space 6656K, 99% used [0x00000000ef500000,0x00000000efb7c010,0x00000000efb80000)
  to   space 9216K, 0% used [0x00000000f3c00000,0x00000000f3c00000,0x00000000f4500000)
 ParOldGen       total 42496K, used 11248K [0x00000000c2400000, 0x00000000c4d80000, 0x00000000eb700000)
  object space 42496K, 26% used [0x00000000c2400000,0x00000000c2efc2d0,0x00000000c4d80000)
 Metaspace       used 20630K, capacity 21200K, committed 21296K, reserved 1069056K
  class space    used 2360K, capacity 2572K, committed 2608K, reserved 1048576K
}
Event: 4.373 GC heap before
{Heap before GC invocations=8 (full 1):
 PSYoungGen      total 70144K, used 6640K [0x00000000eb700000, 0x00000000f4500000, 0x0000000100000000)
  eden space 63488K, 0% used [0x00000000eb700000,0x00000000eb700000,0x00000000ef500000)
  from space 6656K, 99% used [0x00000000ef500000,0x00000000efb7c010,0x00000000efb80000)
  to   space 9216K, 0% used [0x00000000f3c00000,0x00000000f3c00000,0x00000000f4500000)
 ParOldGen       total 42496K, used 11248K [0x00000000c2400000, 0x00000000c4d80000, 0x00000000eb700000)
  object space 42496K, 26% used [0x00000000c2400000,0x00000000c2efc2d0,0x00000000c4d80000)
 Metaspace       used 20630K, capacity 21200K, committed 21296K, reserved 1069056K
  class space    used 2360K, capacity 2572K, committed 2608K, reserved 1048576K
Event: 4.484 GC heap after
Heap after GC invocations=8 (full 1):
 PSYoungGen      total 70144K, used 0K [0x00000000eb700000, 0x00000000f4500000, 0x0000000100000000)
  eden space 63488K, 0% used [0x00000000eb700000,0x00000000eb700000,0x00000000ef500000)
  from space 6656K, 0% used [0x00000000ef500000,0x00000000ef500000,0x00000000efb80000)
  to   space 9216K, 0% used [0x00000000f3c00000,0x00000000f3c00000,0x00000000f4500000)
 ParOldGen       total 38912K, used 11304K [0x00000000c2400000, 0x00000000c4a00000, 0x00000000eb700000)
  object space 38912K, 29% used [0x00000000c2400000,0x00000000c2f0a258,0x00000000c4a00000)
 Metaspace       used 20630K, capacity 21200K, committed 21296K, reserved 1069056K
  class space    used 2360K, capacity 2572K, committed 2608K, reserved 1048576K
}
Event: 13.084 GC heap before
{Heap before GC invocations=9 (full 1):
 PSYoungGen      total 70144K, used 63488K [0x00000000eb700000, 0x00000000f4500000, 0x0000000100000000)
  eden space 63488K, 100% used [0x00000000eb700000,0x00000000ef500000,0x00000000ef500000)
  from space 6656K, 0% used [0x00000000ef500000,0x00000000ef500000,0x00000000efb80000)
  to   space 9216K, 0% used [0x00000000f3c00000,0x00000000f3c00000,0x00000000f4500000)
 ParOldGen       total 38912K, used 11304K [0x00000000c2400000, 0x00000000c4a00000, 0x00000000eb700000)
  object space 38912K, 29% used [0x00000000c2400000,0x00000000c2f0a258,0x00000000c4a00000)
 Metaspace       used 21723K, capacity 22184K, committed 22448K, reserved 1069056K
  class space    used 2461K, capacity 2640K, committed 2736K, reserved 1048576K
Event: 13.092 GC heap after
Heap after GC invocations=9 (full 1):
 PSYoungGen      total 95232K, used 1024K [0x00000000eb700000, 0x00000000f3d00000, 0x0000000100000000)
  eden space 94208K, 0% used [0x00000000eb700000,0x00000000eb700000,0x00000000f1300000)
  from space 1024K, 100% used [0x00000000f3c00000,0x00000000f3d00000,0x00000000f3d00000)
  to   space 9728K, 0% used [0x00000000f2a00000,0x00000000f2a00000,0x00000000f3380000)
 ParOldGen       total 38912K, used 11312K [0x00000000c2400000, 0x00000000c4a00000, 0x00000000eb700000)
  object space 38912K, 29% used [0x00000000c2400000,0x00000000c2f0c258,0x00000000c4a00000)
 Metaspace       used 21723K, capacity 22184K, committed 22448K, reserved 1069056K
  class space    used 2461K, capacity 2640K, committed 2736K, reserved 1048576K
}
Event: 24.557 GC heap before
{Heap before GC invocations=10 (full 1):
 PSYoungGen      total 95232K, used 94331K [0x00000000eb700000, 0x00000000f3d00000, 0x0000000100000000)
  eden space 94208K, 99% used [0x00000000eb700000,0x00000000f121ecd0,0x00000000f1300000)
  from space 1024K, 100% used [0x00000000f3c00000,0x00000000f3d00000,0x00000000f3d00000)
  to   space 9728K, 0% used [0x00000000f2a00000,0x00000000f2a00000,0x00000000f3380000)
 ParOldGen       total 38912K, used 11312K [0x00000000c2400000, 0x00000000c4a00000, 0x00000000eb700000)
  object space 38912K, 29% used [0x00000000c2400000,0x00000000c2f0c258,0x00000000c4a00000)
 Metaspace       used 21953K, capacity 22452K, committed 22704K, reserved 1069056K
  class space    used 2462K, capacity 2642K, committed 2736K, reserved 1048576K
Event: 24.572 GC heap after
Heap after GC invocations=10 (full 1):
 PSYoungGen      total 127488K, used 1280K [0x00000000eb700000, 0x00000000f3d00000, 0x0000000100000000)
  eden space 117760K, 0% used [0x00000000eb700000,0x00000000eb700000,0x00000000f2a00000)
  from space 9728K, 13% used [0x00000000f2a00000,0x00000000f2b40000,0x00000000f3380000)
  to   space 9728K, 0% used [0x00000000f3380000,0x00000000f3380000,0x00000000f3d00000)
 ParOldGen       total 38912K, used 11320K [0x00000000c2400000, 0x00000000c4a00000, 0x00000000eb700000)
  object space 38912K, 29% used [0x00000000c2400000,0x00000000c2f0e258,0x00000000c4a00000)
 Metaspace       used 21953K, capacity 22452K, committed 22704K, reserved 1069056K
  class space    used 2462K, capacity 2642K, committed 2736K, reserved 1048576K
}
Event: 40.679 GC heap before
{Heap before GC invocations=11 (full 1):
 PSYoungGen      total 127488K, used 118613K [0x00000000eb700000, 0x00000000f3d00000, 0x0000000100000000)
  eden space 117760K, 99% used [0x00000000eb700000,0x00000000f2995760,0x00000000f2a00000)
  from space 9728K, 13% used [0x00000000f2a00000,0x00000000f2b40000,0x00000000f3380000)
  to   space 9728K, 0% used [0x00000000f3380000,0x00000000f3380000,0x00000000f3d00000)
 ParOldGen       total 38912K, used 11320K [0x00000000c2400000, 0x00000000c4a00000, 0x00000000eb700000)
  object space 38912K, 29% used [0x00000000c2400000,0x00000000c2f0e258,0x00000000c4a00000)
 Metaspace       used 22210K, capacity 22778K, committed 22960K, reserved 1069056K
  class space    used 2463K, capacity 2643K, committed 2736K, reserved 1048576K

