# JRE version: OpenJDK Runtime Environment (8.0_212-b03) (build 1.8.0_212-8u212-b03-0ubuntu1.18.04.1-b03)
# Java VM: OpenJDK 64-Bit Server VM (25.212-b03 mixed mode linux-amd64 compressed oops)
Heap:
 PSYoungGen      total 134144K, used 1680K [0x00000000eb700000, 0x00000000f4600000, 0x0000000100000000)
  eden space 123904K, 0% used [0x00000000eb700000,0x00000000eb700000,0x00000000f3000000)
  from space 10240K, 16% used [0x00000000f3000000,0x00000000f31a4240,0x00000000f3a00000)
  to   space 8192K, 0% used [0x00000000f3a00000,0x00000000f3a00000,0x00000000f4200000)
 ParOldGen       total 39936K, used 13883K [0x00000000c2400000, 0x00000000c4b00000, 0x00000000eb700000)
  object space 39936K, 34% used [0x00000000c2400000,0x00000000c318ef28,0x00000000c4b00000)
 Metaspace       used 21927K, capacity 22458K, committed 22656K, reserved 1069056K
  class space    used 2458K, capacity 2643K, committed 2688K, reserved 1048576K
GC Heap History (10 events):
Event: 1.999 GC heap after
Heap after GC invocations=5 (full 0):
 PSYoungGen      total 34304K, used 2544K [0x00000000eb700000, 0x00000000f0200000, 0x0000000100000000)
  eden space 31744K, 0% used [0x00000000eb700000,0x00000000eb700000,0x00000000ed600000)
  from space 2560K, 99% used [0x00000000ed600000,0x00000000ed87c010,0x00000000ed880000)
  to   space 6656K, 0% used [0x00000000efb80000,0x00000000efb80000,0x00000000f0200000)
 ParOldGen       total 42496K, used 8010K [0x00000000c2400000, 0x00000000c4d80000, 0x00000000eb700000)
  object space 42496K, 18% used [0x00000000c2400000,0x00000000c2bd2af8,0x00000000c4d80000)
 Metaspace       used 14348K, capacity 14570K, committed 14720K, reserved 1062912K
  class space    used 1746K, capacity 1839K, committed 1920K, reserved 1048576K
}
Event: 2.598 GC heap before
{Heap before GC invocations=6 (full 0):
 PSYoungGen      total 34304K, used 34288K [0x00000000eb700000, 0x00000000f0200000, 0x0000000100000000)
  eden space 31744K, 100% used [0x00000000eb700000,0x00000000ed600000,0x00000000ed600000)
  from space 2560K, 99% used [0x00000000ed600000,0x00000000ed87c010,0x00000000ed880000)
  to   space 6656K, 0% used [0x00000000efb80000,0x00000000efb80000,0x00000000f0200000)
 ParOldGen       total 42496K, used 8010K [0x00000000c2400000, 0x00000000c4d80000, 0x00000000eb700000)
  object space 42496K, 18% used [0x00000000c2400000,0x00000000c2bd2af8,0x00000000c4d80000)
 Metaspace       used 15306K, capacity 15576K, committed 15744K, reserved 1062912K
  class space    used 1820K, capacity 1913K, committed 1920K, reserved 1048576K
Event: 2.611 GC heap after
Heap after GC invocations=6 (full 0):
 PSYoungGen      total 69632K, used 5425K [0x00000000eb700000, 0x00000000f0300000, 0x0000000100000000)
  eden space 62976K, 0% used [0x00000000eb700000,0x00000000eb700000,0x00000000ef480000)
  from space 6656K, 81% used [0x00000000efb80000,0x00000000f00cc7a8,0x00000000f0200000)
  to   space 7168K, 0% used [0x00000000ef480000,0x00000000ef480000,0x00000000efb80000)
 ParOldGen       total 42496K, used 8018K [0x00000000c2400000, 0x00000000c4d80000, 0x00000000eb700000)
  object space 42496K, 18% used [0x00000000c2400000,0x00000000c2bd4af8,0x00000000c4d80000)
 Metaspace       used 15306K, capacity 15576K, committed 15744K, reserved 1062912K
  class space    used 1820K, capacity 1913K, committed 1920K, reserved 1048576K
}
Event: 3.555 GC heap before
{Heap before GC invocations=7 (full 0):
 PSYoungGen      total 69632K, used 68401K [0x00000000eb700000, 0x00000000f0300000, 0x0000000100000000)
  eden space 62976K, 100% used [0x00000000eb700000,0x00000000ef480000,0x00000000ef480000)
  from space 6656K, 81% used [0x00000000efb80000,0x00000000f00cc7a8,0x00000000f0200000)
  to   space 7168K, 0% used [0x00000000ef480000,0x00000000ef480000,0x00000000efb80000)
 ParOldGen       total 42496K, used 8018K [0x00000000c2400000, 0x00000000c4d80000, 0x00000000eb700000)
  object space 42496K, 18% used [0x00000000c2400000,0x00000000c2bd4af8,0x00000000c4d80000)
 Metaspace       used 16483K, capacity 16860K, committed 17152K, reserved 1064960K
  class space    used 1909K, capacity 2022K, committed 2048K, reserved 1048576K
Event: 3.600 GC heap after
Heap after GC invocations=7 (full 0):
 PSYoungGen      total 70144K, used 7165K [0x00000000eb700000, 0x00000000f4200000, 0x0000000100000000)
  eden space 62976K, 0% used [0x00000000eb700000,0x00000000eb700000,0x00000000ef480000)
  from space 7168K, 99% used [0x00000000ef480000,0x00000000efb7f4e8,0x00000000efb80000)
  to   space 8192K, 0% used [0x00000000f3a00000,0x00000000f3a00000,0x00000000f4200000)
 ParOldGen       total 42496K, used 8831K [0x00000000c2400000, 0x00000000c4d80000, 0x00000000eb700000)
  object space 42496K, 20% used [0x00000000c2400000,0x00000000c2c9fea0,0x00000000c4d80000)
 Metaspace       used 16483K, capacity 16860K, committed 17152K, reserved 1064960K
  class space    used 1909K, capacity 2022K, committed 2048K, reserved 1048576K
}
Event: 4.694 GC heap before
{Heap before GC invocations=8 (full 0):
 PSYoungGen      total 70144K, used 43489K [0x00000000eb700000, 0x00000000f4200000, 0x0000000100000000)
  eden space 62976K, 57% used [0x00000000eb700000,0x00000000eda79058,0x00000000ef480000)
  from space 7168K, 99% used [0x00000000ef480000,0x00000000efb7f4e8,0x00000000efb80000)
  to   space 8192K, 0% used [0x00000000f3a00000,0x00000000f3a00000,0x00000000f4200000)
 ParOldGen       total 42496K, used 8831K [0x00000000c2400000, 0x00000000c4d80000, 0x00000000eb700000)
  object space 42496K, 20% used [0x00000000c2400000,0x00000000c2c9fea0,0x00000000c4d80000)
 Metaspace       used 20635K, capacity 21182K, committed 21248K, reserved 1069056K
  class space    used 2341K, capacity 2543K, committed 2560K, reserved 1048576K
Event: 4.719 GC heap after
Heap after GC invocations=8 (full 0):
 PSYoungGen      total 132096K, used 8186K [0x00000000eb700000, 0x00000000f4600000, 0x0000000100000000)
  eden space 123904K, 0% used [0x00000000eb700000,0x00000000eb700000,0x00000000f3000000)
  from space 8192K, 99% used [0x00000000f3a00000,0x00000000f41febb0,0x00000000f4200000)
  to   space 10240K, 0% used [0x00000000f3000000,0x00000000f3000000,0x00000000f3a00000)
 ParOldGen       total 42496K, used 10177K [0x00000000c2400000, 0x00000000c4d80000, 0x00000000eb700000)
  object space 42496K, 23% used [0x00000000c2400000,0x00000000c2df06f0,0x00000000c4d80000)
 Metaspace       used 20635K, capacity 21182K, committed 21248K, reserved 1069056K
  class space    used 2341K, capacity 2543K, committed 2560K, reserved 1048576K
}
Event: 4.719 GC heap before
{Heap before GC invocations=9 (full 1):
 PSYoungGen      total 132096K, used 8186K [0x00000000eb700000, 0x00000000f4600000, 0x0000000100000000)
  eden space 123904K, 0% used [0x00000000eb700000,0x00000000eb700000,0x00000000f3000000)
  from space 8192K, 99% used [0x00000000f3a00000,0x00000000f41febb0,0x00000000f4200000)
  to   space 10240K, 0% used [0x00000000f3000000,0x00000000f3000000,0x00000000f3a00000)
 ParOldGen       total 42496K, used 10177K [0x00000000c2400000, 0x00000000c4d80000, 0x00000000eb700000)
  object space 42496K, 23% used [0x00000000c2400000,0x00000000c2df06f0,0x00000000c4d80000)
 Metaspace       used 20635K, capacity 21182K, committed 21248K, reserved 1069056K
  class space    used 2341K, capacity 2543K, committed 2560K, reserved 1048576K
Event: 4.827 GC heap after
Heap after GC invocations=9 (full 1):
 PSYoungGen      total 132096K, used 0K [0x00000000eb700000, 0x00000000f4600000, 0x0000000100000000)
  eden space 123904K, 0% used [0x00000000eb700000,0x00000000eb700000,0x00000000f3000000)
  from space 8192K, 0% used [0x00000000f3a00000,0x00000000f3a00000,0x00000000f4200000)
  to   space 10240K, 0% used [0x00000000f3000000,0x00000000f3000000,0x00000000f3a00000)
 ParOldGen       total 39936K, used 13875K [0x00000000c2400000, 0x00000000c4b00000, 0x00000000eb700000)
  object space 39936K, 34% used [0x00000000c2400000,0x00000000c318cf28,0x00000000c4b00000)
 Metaspace       used 20635K, capacity 21182K, committed 21248K, reserved 1069056K
  class space    used 2341K, capacity 2543K, committed 2560K, reserved 1048576K
}
Event: 23.252 GC heap before
{Heap before GC invocations=10 (full 1):
 PSYoungGen      total 132096K, used 123904K [0x00000000eb700000, 0x00000000f4600000, 0x0000000100000000)
  eden space 123904K, 100% used [0x00000000eb700000,0x00000000f3000000,0x00000000f3000000)
  from space 8192K, 0% used [0x00000000f3a00000,0x00000000f3a00000,0x00000000f4200000)
  to   space 10240K, 0% used [0x00000000f3000000,0x00000000f3000000,0x00000000f3a00000)
 ParOldGen       total 39936K, used 13875K [0x00000000c2400000, 0x00000000c4b00000, 0x00000000eb700000)
  object space 39936K, 34% used [0x00000000c2400000,0x00000000c318cf28,0x00000000c4b00000)
 Metaspace       used 21927K, capacity 22458K, committed 22656K, reserved 1069056K
  class space    used 2458K, capacity 2643K, committed 2688K, reserved 1048576K

